<?xml version="1.0" encoding="UTF-8"?>
<!-- Generated by org.testng.reporters.JUnitReportReporter -->
<testsuite skipped="0" hostname="DESKTOP-88H3U45" name="script.TestDemo" tests="1" failures="0" timestamp="27 Sep 2018 06:14:19 GMT" time="19.705" errors="0">
  <testcase name="testA" time="19.705" classname="script.TestDemo"/>
</testsuite> <!-- script.TestDemo -->
