<?xml version="1.0" encoding="UTF-8"?>
<!-- Generated by org.testng.reporters.JUnitReportReporter -->
<testsuite skipped="0" hostname="DESKTOP-88H3U45" name="script.TestDemo" tests="1" failures="0" timestamp="27 Sep 2018 05:58:41 GMT" time="0.124" errors="0">
  <testcase name="testA" time="0.124" classname="script.TestDemo"/>
</testsuite> <!-- script.TestDemo -->
